Determining if the pthread_create exist failed with the following output:
Change Dir: /home/mjonsson/repo/mediaFW/cmake-build-debug/CMakeFiles/CMakeTmp

Run Build Command:"/usr/bin/make" "cmTC_d4ae6/fast"
/usr/bin/make -f CMakeFiles/cmTC_d4ae6.dir/build.make CMakeFiles/cmTC_d4ae6.dir/build
make[1]: Entering directory '/home/mjonsson/repo/mediaFW/cmake-build-debug/CMakeFiles/CMakeTmp'
Building C object CMakeFiles/cmTC_d4ae6.dir/CheckSymbolExists.c.o
/usr/bin/cc    -o CMakeFiles/cmTC_d4ae6.dir/CheckSymbolExists.c.o   -c /home/mjonsson/repo/mediaFW/cmake-build-debug/CMakeFiles/CMakeTmp/CheckSymbolExists.c
Linking C executable cmTC_d4ae6
/opt/clion-2018.2.4/bin/cmake/linux/bin/cmake -E cmake_link_script CMakeFiles/cmTC_d4ae6.dir/link.txt --verbose=1
/usr/bin/cc      CMakeFiles/cmTC_d4ae6.dir/CheckSymbolExists.c.o  -o cmTC_d4ae6 
CMakeFiles/cmTC_d4ae6.dir/CheckSymbolExists.c.o: In function `main':
CheckSymbolExists.c:(.text+0x1b): undefined reference to `pthread_create'
collect2: error: ld returned 1 exit status
CMakeFiles/cmTC_d4ae6.dir/build.make:86: recipe for target 'cmTC_d4ae6' failed
make[1]: *** [cmTC_d4ae6] Error 1
make[1]: Leaving directory '/home/mjonsson/repo/mediaFW/cmake-build-debug/CMakeFiles/CMakeTmp'
Makefile:121: recipe for target 'cmTC_d4ae6/fast' failed
make: *** [cmTC_d4ae6/fast] Error 2

File /home/mjonsson/repo/mediaFW/cmake-build-debug/CMakeFiles/CMakeTmp/CheckSymbolExists.c:
/* */
#include <pthread.h>

int main(int argc, char** argv)
{
  (void)argv;
#ifndef pthread_create
  return ((int*)(&pthread_create))[argc];
#else
  (void)argc;
  return 0;
#endif
}

Determining if the pthread_create exist failed with the following output:
Change Dir: /home/mjonsson/repo/mediaFW/cmake-build-debug/CMakeFiles/CMakeTmp

Run Build Command:"/usr/bin/make" "cmTC_82a91/fast"
make[1]: Entering directory '/home/mjonsson/repo/mediaFW/cmake-build-debug/CMakeFiles/CMakeTmp'
/usr/bin/make -f CMakeFiles/cmTC_82a91.dir/build.make CMakeFiles/cmTC_82a91.dir/build
make[2]: Entering directory '/home/mjonsson/repo/mediaFW/cmake-build-debug/CMakeFiles/CMakeTmp'
Building C object CMakeFiles/cmTC_82a91.dir/CheckSymbolExists.c.o
/usr/bin/cc    -o CMakeFiles/cmTC_82a91.dir/CheckSymbolExists.c.o   -c /home/mjonsson/repo/mediaFW/cmake-build-debug/CMakeFiles/CMakeTmp/CheckSymbolExists.c
Linking C executable cmTC_82a91
/opt/clion-2018.2.4/bin/cmake/linux/bin/cmake -E cmake_link_script CMakeFiles/cmTC_82a91.dir/link.txt --verbose=1
/usr/bin/cc      CMakeFiles/cmTC_82a91.dir/CheckSymbolExists.c.o  -o cmTC_82a91 
CMakeFiles/cmTC_82a91.dir/CheckSymbolExists.c.o: In function `main':
CheckSymbolExists.c:(.text+0x1b): undefined reference to `pthread_create'
collect2: error: ld returned 1 exit status
CMakeFiles/cmTC_82a91.dir/build.make:86: recipe for target 'cmTC_82a91' failed
make[2]: *** [cmTC_82a91] Error 1
make[2]: Leaving directory '/home/mjonsson/repo/mediaFW/cmake-build-debug/CMakeFiles/CMakeTmp'
Makefile:121: recipe for target 'cmTC_82a91/fast' failed
make[1]: *** [cmTC_82a91/fast] Error 2
make[1]: Leaving directory '/home/mjonsson/repo/mediaFW/cmake-build-debug/CMakeFiles/CMakeTmp'

File /home/mjonsson/repo/mediaFW/cmake-build-debug/CMakeFiles/CMakeTmp/CheckSymbolExists.c:
/* */
#include <pthread.h>

int main(int argc, char** argv)
{
  (void)argv;
#ifndef pthread_create
  return ((int*)(&pthread_create))[argc];
#else
  (void)argc;
  return 0;
#endif
}

