[21:44:9][INFO] Server connection OK
[21:44:9][INFO] Client is uploading
[21:44:9][WARN] Database is unsynced
[21:44:9][INFO] Uploading.. 
[21:45:50][INFO] Server connection OK
[21:45:50][INFO] Client is uploading
[21:45:50][WARN] Database is unsynced
[21:45:50][INFO] Uploading.. 
[21:45:55][INFO] Client ended normally
[22:2:43][INFO] Server connection OK
[22:2:43][INFO] Client is searching
[22:2:43][INFO] Database is synced
[22:2:57][INFO] Server connection OK
[22:2:57][INFO] Client is searching
[22:2:57][INFO] Database is synced
[22:2:60][INFO] Client ended normally
[22:4:44][INFO] Server connection OK
[22:4:44][INFO] Client is uploading
[22:4:44][WARN] Database is unsynced
[22:4:44][INFO] Uploading.. 
[22:4:60][INFO] Client ended normally
